mode: set
github.com/valorvig/bookings/internal/handlers/handlers.go:33.62,38.2 1 0
github.com/valorvig/bookings/internal/handlers/handlers.go:42.51,47.2 1 1
github.com/valorvig/bookings/internal/handlers/handlers.go:50.33,52.2 1 1
github.com/valorvig/bookings/internal/handlers/handlers.go:56.67,69.2 1 1
github.com/valorvig/bookings/internal/handlers/handlers.go:72.68,90.2 1 1
github.com/valorvig/bookings/internal/handlers/handlers.go:94.74,99.9 2 1
github.com/valorvig/bookings/internal/handlers/handlers.go:109.2,110.16 2 1
github.com/valorvig/bookings/internal/handlers/handlers.go:116.2,136.4 10 1
github.com/valorvig/bookings/internal/handlers/handlers.go:99.9,107.3 3 1
github.com/valorvig/bookings/internal/handlers/handlers.go:110.16,114.3 3 1
github.com/valorvig/bookings/internal/handlers/handlers.go:140.78,142.9 2 0
github.com/valorvig/bookings/internal/handlers/handlers.go:148.2,150.16 2 0
github.com/valorvig/bookings/internal/handlers/handlers.go:186.2,217.19 9 0
github.com/valorvig/bookings/internal/handlers/handlers.go:229.2,230.16 2 0
github.com/valorvig/bookings/internal/handlers/handlers.go:236.2,251.16 3 0
github.com/valorvig/bookings/internal/handlers/handlers.go:257.2,261.66 2 0
github.com/valorvig/bookings/internal/handlers/handlers.go:142.9,145.3 2 0
github.com/valorvig/bookings/internal/handlers/handlers.go:150.16,154.3 2 0
github.com/valorvig/bookings/internal/handlers/handlers.go:217.19,226.3 4 0
github.com/valorvig/bookings/internal/handlers/handlers.go:230.16,233.3 2 0
github.com/valorvig/bookings/internal/handlers/handlers.go:251.16,254.3 2 0
github.com/valorvig/bookings/internal/handlers/handlers.go:265.71,267.2 1 1
github.com/valorvig/bookings/internal/handlers/handlers.go:270.69,272.2 1 1
github.com/valorvig/bookings/internal/handlers/handlers.go:275.75,277.2 1 1
github.com/valorvig/bookings/internal/handlers/handlers.go:280.79,292.16 5 0
github.com/valorvig/bookings/internal/handlers/handlers.go:295.2,296.16 2 0
github.com/valorvig/bookings/internal/handlers/handlers.go:301.2,302.16 2 0
github.com/valorvig/bookings/internal/handlers/handlers.go:314.2,314.21 1 0
github.com/valorvig/bookings/internal/handlers/handlers.go:322.2,345.4 5 0
github.com/valorvig/bookings/internal/handlers/handlers.go:292.16,294.3 1 0
github.com/valorvig/bookings/internal/handlers/handlers.go:296.16,299.3 2 0
github.com/valorvig/bookings/internal/handlers/handlers.go:302.16,305.3 2 0
github.com/valorvig/bookings/internal/handlers/handlers.go:314.21,320.3 3 0
github.com/valorvig/bookings/internal/handlers/handlers.go:359.79,380.16 10 0
github.com/valorvig/bookings/internal/handlers/handlers.go:388.2,389.14 2 0
github.com/valorvig/bookings/internal/handlers/handlers.go:380.16,384.3 2 0
github.com/valorvig/bookings/internal/handlers/handlers.go:403.70,405.2 1 0
github.com/valorvig/bookings/internal/handlers/handlers.go:408.81,413.9 2 0
github.com/valorvig/bookings/internal/handlers/handlers.go:424.2,438.4 9 0
github.com/valorvig/bookings/internal/handlers/handlers.go:413.9,421.3 4 0
github.com/valorvig/bookings/internal/handlers/handlers.go:442.73,444.16 2 0
github.com/valorvig/bookings/internal/handlers/handlers.go:450.2,451.9 2 0
github.com/valorvig/bookings/internal/handlers/handlers.go:456.2,460.63 3 0
github.com/valorvig/bookings/internal/handlers/handlers.go:444.16,447.3 2 0
github.com/valorvig/bookings/internal/handlers/handlers.go:451.9,454.3 2 0
github.com/valorvig/bookings/internal/handlers/handlers.go:464.71,476.16 9 0
github.com/valorvig/bookings/internal/handlers/handlers.go:481.2,491.63 6 0
github.com/valorvig/bookings/internal/handlers/handlers.go:476.16,479.3 2 0
